<?xml version="1.0" encoding="UTF-8"?>
<!-- Generated by org.testng.reporters.JUnitXMLReporter -->
<testsuite ignored="0" hostname="ZCHD-CQR-AKSHIT-SAHORE" failures="0" tests="4" name="Default test" time="146.447" errors="0" timestamp="01 Jun 2022 17:15:48 GMT">
  <testcase classname="Sample_test.demo" name="Download_jpeg" time="42.745"/>
  <testcase classname="Sample_test.demo" name="cpc_analysis_enquiry" time="50.787"/>
  <testcase classname="Sample_test.demo" name="cpc_analysis_view_enquiry" time="22.626"/>
  <testcase classname="Sample_test.demo" name="loginTest" time="8.423"/>
</testsuite> <!-- Default test -->
